<?xml version="1.0" encoding="UTF-8"?>
<testng-results ignored="0" total="2" passed="2" failed="0" skipped="0">
  <reporter-output>
  </reporter-output>
  <suite started-at="2021-09-24T12:52:07 IST" name="Default suite" finished-at="2021-09-24T12:52:43 IST" duration-ms="35785">
    <groups>
    </groups>
    <test started-at="2021-09-24T12:52:07 IST" name="Default test" finished-at="2021-09-24T12:52:43 IST" duration-ms="35785">
      <class name="sanbox.livesite">
        <test-method signature="setup()[pri:0, instance:sanbox.livesite@7ff95560]" started-at="2021-09-24T12:52:07 IST" name="setup" finished-at="2021-09-24T12:52:20 IST" duration-ms="13163" status="PASS">
          <reporter-output>
          </reporter-output>
        </test-method> <!-- setup -->
        <test-method signature="shoppage()[pri:0, instance:sanbox.livesite@7ff95560]" started-at="2021-09-24T12:52:20 IST" name="shoppage" finished-at="2021-09-24T12:52:43 IST" duration-ms="22573" status="PASS">
          <reporter-output>
          </reporter-output>
        </test-method> <!-- shoppage -->
      </class> <!-- sanbox.livesite -->
    </test> <!-- Default test -->
  </suite> <!-- Default suite -->
</testng-results>
