<?xml version="1.0" encoding="UTF-8"?>
<testng-results ignored="0" total="1" passed="1" failed="0" skipped="0">
  <reporter-output>
  </reporter-output>
  <suite started-at="2021-09-24T11:03:19 IST" name="Default suite" finished-at="2021-09-24T11:03:44 IST" duration-ms="25430">
    <groups>
    </groups>
    <test started-at="2021-09-24T11:03:19 IST" name="Default test" finished-at="2021-09-24T11:03:44 IST" duration-ms="25430">
      <class name="main.main_testing">
        <test-method is-config="true" signature="setup()[pri:0, instance:main.main_testing@30b7c004]" started-at="2021-09-24T11:03:19 IST" name="setup" finished-at="2021-09-24T11:03:29 IST" duration-ms="9928" status="PASS">
          <reporter-output>
          </reporter-output>
        </test-method> <!-- setup -->
        <test-method signature="login()[pri:0, instance:main.main_testing@30b7c004]" started-at="2021-09-24T11:03:29 IST" name="login" finished-at="2021-09-24T11:03:44 IST" duration-ms="15427" status="PASS">
          <reporter-output>
          </reporter-output>
        </test-method> <!-- login -->
      </class> <!-- main.main_testing -->
    </test> <!-- Default test -->
  </suite> <!-- Default suite -->
</testng-results>
